2019-04-21 17:11:22,724 ERROR 25287 nodejs.ClusterClientNoResponseError: client no response in 60376ms exceeding maxIdleTime 60000ms, maybe the connection is close on other side.
    at Timeout.Leader._heartbeatTimer.setInterval [as _onTimeout] (/Users/AaronKong/Desktop/workplace/learn/back-end/egg/NodeTemplateEgg/node_modules/cluster-client/lib/leader.js:77:23)
    at ontimeout (timers.js:475:11)
    at tryOnTimeout (timers.js:310:5)
    at Timer.listOnTimeout (timers.js:270:5)
name: "ClusterClientNoResponseError"
pid: 25287
hostname: kongyajiedeMacBook-Pro.local

2019-04-21 17:38:11,272 ERROR 25287 nodejs.ClusterClientNoResponseError: client no response in 1568553ms exceeding maxIdleTime 60000ms, maybe the connection is close on other side.
    at Timeout.Leader._heartbeatTimer.setInterval [as _onTimeout] (/Users/AaronKong/Desktop/workplace/learn/back-end/egg/NodeTemplateEgg/node_modules/cluster-client/lib/leader.js:77:23)
    at ontimeout (timers.js:475:11)
    at tryOnTimeout (timers.js:310:5)
    at Timer.listOnTimeout (timers.js:270:5)
name: "ClusterClientNoResponseError"
pid: 25287
hostname: kongyajiedeMacBook-Pro.local

2019-04-21 17:39:14,837 ERROR 25287 nodejs.ClusterClientNoResponseError: client no response in 63562ms exceeding maxIdleTime 60000ms, maybe the connection is close on other side.
    at Timeout.Leader._heartbeatTimer.setInterval [as _onTimeout] (/Users/AaronKong/Desktop/workplace/learn/back-end/egg/NodeTemplateEgg/node_modules/cluster-client/lib/leader.js:77:23)
    at ontimeout (timers.js:475:11)
    at tryOnTimeout (timers.js:310:5)
    at Timer.listOnTimeout (timers.js:270:5)
name: "ClusterClientNoResponseError"
pid: 25287
hostname: kongyajiedeMacBook-Pro.local

