2019-04-21 17:01:02,094 INFO 25290 [egg:logger] init all loggers with options: {"dir":"/Users/AaronKong/Desktop/workplace/learn/back-end/egg/NodeTemplateEgg/logs/egg-boilerplate-simple","encoding":"utf8","env":"local","level":"INFO","consoleLevel":"INFO","disableConsoleAfterReady":false,"outputJSON":false,"buffer":true,"appLogName":"egg-boilerplate-simple-web.log","coreLogName":"egg-web.log","agentLogName":"egg-agent.log","errorLogName":"common-error.log","coreLogger":{"consoleLevel":"WARN"},"allowDebugAtProd":false,"type":"application"}
2019-04-21 17:01:02,134 INFO 25290 [egg-multipart] stream mode enable
2019-04-21 17:01:02,186 INFO 25290 [egg-static] starting static serve /public/ -> /Users/AaronKong/Desktop/workplace/learn/back-end/egg/NodeTemplateEgg/app/public
2019-04-21 17:01:02,188 INFO 25290 [egg-security] use csrf middleware
2019-04-21 17:01:02,189 INFO 25290 [egg-security] use methodnoallow middleware
2019-04-21 17:01:02,189 INFO 25290 [egg-security] use noopen middleware
2019-04-21 17:01:02,189 INFO 25290 [egg-security] use nosniff middleware
2019-04-21 17:01:02,190 INFO 25290 [egg-security] use xssProtection middleware
2019-04-21 17:01:02,190 INFO 25290 [egg-security] use xframe middleware
2019-04-21 17:01:02,190 INFO 25290 [egg-security] use dta middleware
2019-04-21 17:01:02,190 INFO 25290 [egg-security] compose 7 middlewares into one security middleware
2019-04-21 17:01:02,198 INFO 25290 [egg:core] dump config after load, 4ms
2019-04-21 17:01:02,212 INFO 25290 [egg-watcher:application] watcher start success
2019-04-21 17:01:02,217 INFO 25290 [egg:core] dump config after ready, 3ms
2019-04-21 17:11:22,723 WARN 25290 [ClusterClient:Watcher] follower closed, and try to init it again
2019-04-21 17:38:11,272 WARN 25290 [TCPBase] socket is closed by other side while there were still unhandled data in the socket buffer
2019-04-21 17:38:11,273 WARN 25290 [ClusterClient:Watcher] follower closed, and try to init it again
2019-04-21 17:39:14,837 WARN 25290 [ClusterClient:Watcher] follower closed, and try to init it again
2019-04-21 17:46:06,593 INFO 26250 [egg:logger] init all loggers with options: {"dir":"/Users/AaronKong/Desktop/workplace/learn/back-end/egg/NodeTemplateEgg/logs/egg-boilerplate-simple","encoding":"utf8","env":"local","level":"INFO","consoleLevel":"INFO","disableConsoleAfterReady":false,"outputJSON":false,"buffer":true,"appLogName":"egg-boilerplate-simple-web.log","coreLogName":"egg-web.log","agentLogName":"egg-agent.log","errorLogName":"common-error.log","coreLogger":{"consoleLevel":"WARN"},"allowDebugAtProd":false,"type":"application"}
2019-04-21 17:46:06,635 INFO 26250 [egg-multipart] stream mode enable
2019-04-21 17:46:06,693 INFO 26250 [egg-static] starting static serve /public/ -> /Users/AaronKong/Desktop/workplace/learn/back-end/egg/NodeTemplateEgg/app/public
2019-04-21 17:46:06,696 INFO 26250 [egg-security] use csrf middleware
2019-04-21 17:46:06,697 INFO 26250 [egg-security] use methodnoallow middleware
2019-04-21 17:46:06,697 INFO 26250 [egg-security] use noopen middleware
2019-04-21 17:46:06,698 INFO 26250 [egg-security] use nosniff middleware
2019-04-21 17:46:06,698 INFO 26250 [egg-security] use xssProtection middleware
2019-04-21 17:46:06,699 INFO 26250 [egg-security] use xframe middleware
2019-04-21 17:46:06,699 INFO 26250 [egg-security] use dta middleware
2019-04-21 17:46:06,700 INFO 26250 [egg-security] compose 7 middlewares into one security middleware
2019-04-21 17:46:06,710 INFO 26250 [egg:core] dump config after load, 6ms
2019-04-21 17:46:06,721 INFO 26250 [egg-watcher:application] watcher start success
2019-04-21 17:46:06,727 INFO 26250 [egg:core] dump config after ready, 4ms
2019-04-21 17:46:17,306 INFO 26261 [egg:logger] init all loggers with options: {"dir":"/Users/AaronKong/Desktop/workplace/learn/back-end/egg/NodeTemplateEgg/logs/egg-boilerplate-simple","encoding":"utf8","env":"local","level":"INFO","consoleLevel":"INFO","disableConsoleAfterReady":false,"outputJSON":false,"buffer":true,"appLogName":"egg-boilerplate-simple-web.log","coreLogName":"egg-web.log","agentLogName":"egg-agent.log","errorLogName":"common-error.log","coreLogger":{"consoleLevel":"WARN"},"allowDebugAtProd":false,"type":"application"}
2019-04-21 17:46:17,344 INFO 26261 [egg-multipart] stream mode enable
2019-04-21 17:46:17,392 INFO 26261 [egg-static] starting static serve /public/ -> /Users/AaronKong/Desktop/workplace/learn/back-end/egg/NodeTemplateEgg/app/public
2019-04-21 17:46:17,394 INFO 26261 [egg-security] use csrf middleware
2019-04-21 17:46:17,395 INFO 26261 [egg-security] use methodnoallow middleware
2019-04-21 17:46:17,395 INFO 26261 [egg-security] use noopen middleware
2019-04-21 17:46:17,396 INFO 26261 [egg-security] use nosniff middleware
2019-04-21 17:46:17,396 INFO 26261 [egg-security] use xssProtection middleware
2019-04-21 17:46:17,396 INFO 26261 [egg-security] use xframe middleware
2019-04-21 17:46:17,397 INFO 26261 [egg-security] use dta middleware
2019-04-21 17:46:17,397 INFO 26261 [egg-security] compose 7 middlewares into one security middleware
2019-04-21 17:46:17,405 INFO 26261 [egg:core] dump config after load, 4ms
2019-04-21 17:46:17,417 INFO 26261 [egg-watcher:application] watcher start success
2019-04-21 17:46:17,423 INFO 26261 [egg:core] dump config after ready, 4ms
2019-04-21 17:47:34,440 INFO 26340 [egg:logger] init all loggers with options: {"dir":"/Users/AaronKong/Desktop/workplace/learn/back-end/egg/NodeTemplateEgg/logs/egg-boilerplate-simple","encoding":"utf8","env":"local","level":"INFO","consoleLevel":"INFO","disableConsoleAfterReady":false,"outputJSON":false,"buffer":true,"appLogName":"egg-boilerplate-simple-web.log","coreLogName":"egg-web.log","agentLogName":"egg-agent.log","errorLogName":"common-error.log","coreLogger":{"consoleLevel":"WARN"},"allowDebugAtProd":false,"type":"application"}
2019-04-21 17:47:34,481 INFO 26340 [egg-multipart] stream mode enable
2019-04-21 17:47:34,539 INFO 26340 [egg-static] starting static serve /public/ -> /Users/AaronKong/Desktop/workplace/learn/back-end/egg/NodeTemplateEgg/app/public
2019-04-21 17:47:34,541 INFO 26340 [egg-security] use csrf middleware
2019-04-21 17:47:34,542 INFO 26340 [egg-security] use methodnoallow middleware
2019-04-21 17:47:34,543 INFO 26340 [egg-security] use noopen middleware
2019-04-21 17:47:34,544 INFO 26340 [egg-security] use nosniff middleware
2019-04-21 17:47:34,545 INFO 26340 [egg-security] use xssProtection middleware
2019-04-21 17:47:34,545 INFO 26340 [egg-security] use xframe middleware
2019-04-21 17:47:34,546 INFO 26340 [egg-security] use dta middleware
2019-04-21 17:47:34,546 INFO 26340 [egg-security] compose 7 middlewares into one security middleware
2019-04-21 17:47:34,555 INFO 26340 [egg:core] dump config after load, 4ms
2019-04-21 17:47:34,566 INFO 26340 [egg-watcher:application] watcher start success
2019-04-21 17:47:34,572 INFO 26340 [egg:core] dump config after ready, 4ms
2019-04-21 17:47:43,414 INFO 26345 [egg:logger] init all loggers with options: {"dir":"/Users/AaronKong/Desktop/workplace/learn/back-end/egg/NodeTemplateEgg/logs/egg-boilerplate-simple","encoding":"utf8","env":"local","level":"INFO","consoleLevel":"INFO","disableConsoleAfterReady":false,"outputJSON":false,"buffer":true,"appLogName":"egg-boilerplate-simple-web.log","coreLogName":"egg-web.log","agentLogName":"egg-agent.log","errorLogName":"common-error.log","coreLogger":{"consoleLevel":"WARN"},"allowDebugAtProd":false,"type":"application"}
2019-04-21 17:47:43,451 INFO 26345 [egg-multipart] stream mode enable
2019-04-21 17:47:43,501 INFO 26345 [egg-static] starting static serve /public/ -> /Users/AaronKong/Desktop/workplace/learn/back-end/egg/NodeTemplateEgg/app/public
2019-04-21 17:47:43,504 INFO 26345 [egg-security] use csrf middleware
2019-04-21 17:47:43,505 INFO 26345 [egg-security] use methodnoallow middleware
2019-04-21 17:47:43,505 INFO 26345 [egg-security] use noopen middleware
2019-04-21 17:47:43,506 INFO 26345 [egg-security] use nosniff middleware
2019-04-21 17:47:43,506 INFO 26345 [egg-security] use xssProtection middleware
2019-04-21 17:47:43,506 INFO 26345 [egg-security] use xframe middleware
2019-04-21 17:47:43,507 INFO 26345 [egg-security] use dta middleware
2019-04-21 17:47:43,507 INFO 26345 [egg-security] compose 7 middlewares into one security middleware
2019-04-21 17:47:43,516 INFO 26345 [egg:core] dump config after load, 5ms
2019-04-21 17:47:43,526 INFO 26345 [egg-watcher:application] watcher start success
2019-04-21 17:47:43,532 INFO 26345 [egg:core] dump config after ready, 4ms
2019-04-21 17:57:15,113 INFO 26952 [egg:logger] init all loggers with options: {"dir":"/Users/AaronKong/Desktop/workplace/learn/back-end/egg/NodeTemplateEgg/logs/egg-boilerplate-simple","encoding":"utf8","env":"local","level":"INFO","consoleLevel":"INFO","disableConsoleAfterReady":false,"outputJSON":false,"buffer":true,"appLogName":"egg-boilerplate-simple-web.log","coreLogName":"egg-web.log","agentLogName":"egg-agent.log","errorLogName":"common-error.log","coreLogger":{"consoleLevel":"WARN"},"allowDebugAtProd":false,"type":"application"}
2019-04-21 17:57:15,151 INFO 26952 [egg-multipart] stream mode enable
2019-04-21 17:57:15,211 INFO 26952 [egg-static] starting static serve /public/ -> /Users/AaronKong/Desktop/workplace/learn/back-end/egg/NodeTemplateEgg/app/public
2019-04-21 17:57:15,214 INFO 26952 [egg-security] use csrf middleware
2019-04-21 17:57:15,215 INFO 26952 [egg-security] use methodnoallow middleware
2019-04-21 17:57:15,215 INFO 26952 [egg-security] use noopen middleware
2019-04-21 17:57:15,216 INFO 26952 [egg-security] use nosniff middleware
2019-04-21 17:57:15,217 INFO 26952 [egg-security] use xssProtection middleware
2019-04-21 17:57:15,217 INFO 26952 [egg-security] use xframe middleware
2019-04-21 17:57:15,218 INFO 26952 [egg-security] use dta middleware
2019-04-21 17:57:15,218 INFO 26952 [egg-security] compose 7 middlewares into one security middleware
2019-04-21 17:57:15,228 INFO 26952 [egg:core] dump config after load, 5ms
2019-04-21 17:57:15,239 INFO 26952 [egg-watcher:application] watcher start success
2019-04-21 17:57:15,254 INFO 26952 [egg:core] dump config after ready, 12ms
2019-04-21 17:57:16,841 INFO 26965 [egg:logger] init all loggers with options: {"dir":"/Users/AaronKong/Desktop/workplace/learn/back-end/egg/NodeTemplateEgg/logs/egg-boilerplate-simple","encoding":"utf8","env":"local","level":"INFO","consoleLevel":"INFO","disableConsoleAfterReady":false,"outputJSON":false,"buffer":true,"appLogName":"egg-boilerplate-simple-web.log","coreLogName":"egg-web.log","agentLogName":"egg-agent.log","errorLogName":"common-error.log","coreLogger":{"consoleLevel":"WARN"},"allowDebugAtProd":false,"type":"application"}
2019-04-21 17:57:16,885 INFO 26965 [egg-multipart] stream mode enable
2019-04-21 17:57:16,939 INFO 26965 [egg-static] starting static serve /public/ -> /Users/AaronKong/Desktop/workplace/learn/back-end/egg/NodeTemplateEgg/app/public
2019-04-21 17:57:16,941 INFO 26965 [egg-security] use csrf middleware
2019-04-21 17:57:16,942 INFO 26965 [egg-security] use methodnoallow middleware
2019-04-21 17:57:16,942 INFO 26965 [egg-security] use noopen middleware
2019-04-21 17:57:16,943 INFO 26965 [egg-security] use nosniff middleware
2019-04-21 17:57:16,944 INFO 26965 [egg-security] use xssProtection middleware
2019-04-21 17:57:16,944 INFO 26965 [egg-security] use xframe middleware
2019-04-21 17:57:16,944 INFO 26965 [egg-security] use dta middleware
2019-04-21 17:57:16,944 INFO 26965 [egg-security] compose 7 middlewares into one security middleware
2019-04-21 17:57:16,956 INFO 26965 [egg:core] dump config after load, 7ms
2019-04-21 17:57:16,967 INFO 26965 [egg-watcher:application] watcher start success
2019-04-21 17:57:16,974 INFO 26965 [egg:core] dump config after ready, 4ms
